<?xml version="1.0" encoding="UTF-8"?>
<!-- Generated by org.testng.reporters.JUnitXMLReporter -->
<testsuite ignored="2" hostname="LAPTOP-AJK53DAC" failures="0" tests="1" name="Default test" time="46.298" errors="0" timestamp="2024-04-18T22:27:16 IST">
  <testcase classname="com.mystore.testcases.TC_MyAccountPageTest" name="verifySignOut" time="4.536"/>
  <testcase classname="com.mystore.testcases.TC_MyAccountPageTest" name="verifyRegistrationAndLogin" time="0.0">
    <ignored/>
  </testcase> <!-- verifyRegistrationAndLogin -->
  <testcase classname="com.mystore.testcases.TC_MyAccountPageTest" name="verifyLogin" time="0.0">
    <ignored/>
  </testcase> <!-- verifyLogin -->
</testsuite> <!-- Default test -->
