<?xml version="1.0" encoding="UTF-8"?>
<!-- Generated by org.testng.reporters.JUnitXMLReporter -->
<testsuite ignored="1" hostname="LAPTOP-AJK53DAC" failures="0" tests="4" name="Test" time="53.706" errors="0" timestamp="2024-04-18T22:44:00 IST">
  <testcase classname="com.mystore.testcases.TC_MyAccountPageTest" name="verifyLogin" time="4.721"/>
  <testcase classname="com.mystore.testcases.TC_MyAccountPageTest" name="verifySignOut" time="2.889"/>
  <testcase classname="com.mystore.testcases.TC_ProductPageTest" name="VerifyBuyProduct" time="19.237"/>
  <testcase classname="com.mystore.testcases.TC_ProductPageTest" name="VerifySearchProduct" time="4.118"/>
  <testcase classname="com.mystore.testcases.TC_MyAccountPageTest" name="verifyRegistrationAndLogin" time="0.0">
    <ignored/>
  </testcase> <!-- verifyRegistrationAndLogin -->
</testsuite> <!-- Test -->
