<?xml version="1.0" encoding="UTF-8"?>
<!-- Generated by org.testng.reporters.JUnitXMLReporter -->
<testsuite ignored="1" hostname="LAPTOP-AJK53DAC" failures="0" tests="4" name="Test" time="80.494" errors="0" timestamp="2024-04-19T14:13:11 IST">
  <testcase classname="com.mystore.testcases.TC_MyAccountPageTest" name="verifyLogin" time="6.318"/>
  <testcase classname="com.mystore.testcases.TC_MyAccountPageTest" name="verifySignOut" time="5.92"/>
  <testcase classname="com.mystore.testcases.TC_ProductPageTest" name="VerifyBuyProduct" time="42.238"/>
  <testcase classname="com.mystore.testcases.TC_ProductPageTest" name="VerifySearchProduct" time="5.677"/>
  <testcase classname="com.mystore.testcases.TC_MyAccountPageTest" name="verifyRegistrationAndLogin" time="0.0">
    <ignored/>
  </testcase> <!-- verifyRegistrationAndLogin -->
</testsuite> <!-- Test -->
