<?xml version="1.0" encoding="UTF-8"?>
<testng-results ignored="0" total="4" passed="4" failed="0" skipped="0">
  <reporter-output>
  </reporter-output>
  <suite started-at="2024-04-19T14:11:50 IST" name="Suite" finished-at="2024-04-19T14:13:11 IST" duration-ms="80494">
    <groups>
    </groups>
    <test started-at="2024-04-19T14:11:50 IST" name="Test" finished-at="2024-04-19T14:13:11 IST" duration-ms="80494">
      <class name="com.mystore.testcases.TC_ProductPageTest">
        <test-method is-config="true" signature="Setup()[pri:0, instance:com.mystore.testcases.TC_ProductPageTest@7f0eb4b4]" started-at="2024-04-19T14:12:16 IST" name="Setup" finished-at="2024-04-19T14:12:22 IST" duration-ms="6161" status="PASS">
          <reporter-output>
          </reporter-output>
        </test-method> <!-- Setup -->
        <test-method signature="VerifyBuyProduct()[pri:0, instance:com.mystore.testcases.TC_ProductPageTest@7f0eb4b4]" started-at="2024-04-19T14:12:22 IST" name="VerifyBuyProduct" finished-at="2024-04-19T14:13:04 IST" duration-ms="42238" status="PASS">
          <reporter-output>
          </reporter-output>
        </test-method> <!-- VerifyBuyProduct -->
        <test-method signature="VerifySearchProduct()[pri:0, instance:com.mystore.testcases.TC_ProductPageTest@7f0eb4b4]" started-at="2024-04-19T14:13:04 IST" name="VerifySearchProduct" finished-at="2024-04-19T14:13:10 IST" duration-ms="5677" status="PASS">
          <reporter-output>
          </reporter-output>
        </test-method> <!-- VerifySearchProduct -->
        <test-method is-config="true" signature="tearDown()[pri:0, instance:com.mystore.testcases.TC_ProductPageTest@7f0eb4b4]" started-at="2024-04-19T14:13:10 IST" name="tearDown" finished-at="2024-04-19T14:13:11 IST" duration-ms="544" status="PASS">
          <reporter-output>
          </reporter-output>
        </test-method> <!-- tearDown -->
      </class> <!-- com.mystore.testcases.TC_ProductPageTest -->
      <class name="com.mystore.testcases.TC_MyAccountPageTest">
        <test-method is-config="true" signature="Setup()[pri:0, instance:com.mystore.testcases.TC_MyAccountPageTest@74fe5c40]" started-at="2024-04-19T14:11:50 IST" name="Setup" finished-at="2024-04-19T14:12:03 IST" duration-ms="12769" status="PASS">
          <reporter-output>
          </reporter-output>
        </test-method> <!-- Setup -->
        <test-method signature="verifyLogin()[pri:0, instance:com.mystore.testcases.TC_MyAccountPageTest@74fe5c40]" started-at="2024-04-19T14:12:03 IST" name="verifyLogin" finished-at="2024-04-19T14:12:09 IST" duration-ms="6318" status="PASS">
          <reporter-output>
          </reporter-output>
        </test-method> <!-- verifyLogin -->
        <test-method signature="verifySignOut()[pri:0, instance:com.mystore.testcases.TC_MyAccountPageTest@74fe5c40]" started-at="2024-04-19T14:12:09 IST" name="verifySignOut" finished-at="2024-04-19T14:12:15 IST" duration-ms="5920" status="PASS">
          <reporter-output>
          </reporter-output>
        </test-method> <!-- verifySignOut -->
        <test-method is-config="true" signature="tearDown()[pri:0, instance:com.mystore.testcases.TC_MyAccountPageTest@74fe5c40]" started-at="2024-04-19T14:12:15 IST" name="tearDown" finished-at="2024-04-19T14:12:16 IST" duration-ms="626" status="PASS">
          <reporter-output>
          </reporter-output>
        </test-method> <!-- tearDown -->
      </class> <!-- com.mystore.testcases.TC_MyAccountPageTest -->
    </test> <!-- Test -->
  </suite> <!-- Suite -->
</testng-results>
