<?xml version="1.0" encoding="UTF-8"?>
<testng-results ignored="0" total="4" passed="4" failed="0" skipped="0">
  <reporter-output>
  </reporter-output>
  <suite started-at="2024-04-18T22:43:05 IST" name="Suite" finished-at="2024-04-18T22:43:59 IST" duration-ms="53706">
    <groups>
    </groups>
    <test started-at="2024-04-18T22:43:05 IST" name="Test" finished-at="2024-04-18T22:43:59 IST" duration-ms="53706">
      <class name="com.mystore.testcases.TC_ProductPageTest">
        <test-method is-config="true" signature="Setup()[pri:0, instance:com.mystore.testcases.TC_ProductPageTest@44c03695]" started-at="2024-04-18T22:43:25 IST" name="Setup" finished-at="2024-04-18T22:43:35 IST" duration-ms="9758" status="PASS">
          <reporter-output>
          </reporter-output>
        </test-method> <!-- Setup -->
        <test-method signature="VerifyBuyProduct()[pri:0, instance:com.mystore.testcases.TC_ProductPageTest@44c03695]" started-at="2024-04-18T22:43:35 IST" name="VerifyBuyProduct" finished-at="2024-04-18T22:43:54 IST" duration-ms="19237" status="PASS">
          <reporter-output>
          </reporter-output>
        </test-method> <!-- VerifyBuyProduct -->
        <test-method signature="VerifySearchProduct()[pri:0, instance:com.mystore.testcases.TC_ProductPageTest@44c03695]" started-at="2024-04-18T22:43:54 IST" name="VerifySearchProduct" finished-at="2024-04-18T22:43:58 IST" duration-ms="4118" status="PASS">
          <reporter-output>
          </reporter-output>
        </test-method> <!-- VerifySearchProduct -->
        <test-method is-config="true" signature="tearDown()[pri:0, instance:com.mystore.testcases.TC_ProductPageTest@44c03695]" started-at="2024-04-18T22:43:58 IST" name="tearDown" finished-at="2024-04-18T22:43:59 IST" duration-ms="958" status="PASS">
          <reporter-output>
          </reporter-output>
        </test-method> <!-- tearDown -->
      </class> <!-- com.mystore.testcases.TC_ProductPageTest -->
      <class name="com.mystore.testcases.TC_MyAccountPageTest">
        <test-method is-config="true" signature="Setup()[pri:0, instance:com.mystore.testcases.TC_MyAccountPageTest@5b12b668]" started-at="2024-04-18T22:43:06 IST" name="Setup" finished-at="2024-04-18T22:43:17 IST" duration-ms="10974" status="PASS">
          <reporter-output>
          </reporter-output>
        </test-method> <!-- Setup -->
        <test-method signature="verifyLogin()[pri:0, instance:com.mystore.testcases.TC_MyAccountPageTest@5b12b668]" started-at="2024-04-18T22:43:17 IST" name="verifyLogin" finished-at="2024-04-18T22:43:21 IST" duration-ms="4721" status="PASS">
          <reporter-output>
          </reporter-output>
        </test-method> <!-- verifyLogin -->
        <test-method signature="verifySignOut()[pri:0, instance:com.mystore.testcases.TC_MyAccountPageTest@5b12b668]" started-at="2024-04-18T22:43:21 IST" name="verifySignOut" finished-at="2024-04-18T22:43:24 IST" duration-ms="2889" status="PASS">
          <reporter-output>
          </reporter-output>
        </test-method> <!-- verifySignOut -->
        <test-method is-config="true" signature="tearDown()[pri:0, instance:com.mystore.testcases.TC_MyAccountPageTest@5b12b668]" started-at="2024-04-18T22:43:24 IST" name="tearDown" finished-at="2024-04-18T22:43:25 IST" duration-ms="598" status="PASS">
          <reporter-output>
          </reporter-output>
        </test-method> <!-- tearDown -->
      </class> <!-- com.mystore.testcases.TC_MyAccountPageTest -->
    </test> <!-- Test -->
  </suite> <!-- Suite -->
</testng-results>
